<?xml version="1.0" encoding="UTF-8"?>
<robot generator="Robot 7.0 (Python 3.12.3 on linux)" generated="2026-04-28T12:38:49.360856" rpa="false" schemaversion="5">
<suite id="s1" name="Scholchat Tests" source="/home/kamsu-perold/scholchat_front/tests/robot/scholchat_tests.robot">
<kw name="Open Browser To Home Page" type="SETUP">
<kw name="Open Browser" owner="SeleniumLibrary">
<msg time="2026-04-28T12:38:49.437592" level="INFO">Opening browser 'Chrome' to base url 'http://localhost:3000'.</msg>
<arg>${URL}</arg>
<arg>${BROWSER}</arg>
<doc>Opens a new browser instance to the optional ``url``.</doc>
<status status="PASS" start="2026-04-28T12:38:49.437453" elapsed="4.908752"/>
</kw>
<kw name="Maximize Browser Window" owner="SeleniumLibrary">
<doc>Maximizes current browser window.</doc>
<status status="PASS" start="2026-04-28T12:38:54.348163" elapsed="0.026363"/>
</kw>
<kw name="Set Selenium Speed" owner="SeleniumLibrary">
<arg>0.3s</arg>
<doc>Sets the delay that is waited after each Selenium command.</doc>
<status status="PASS" start="2026-04-28T12:38:54.375090" elapsed="0.000598"/>
</kw>
<status status="PASS" start="2026-04-28T12:38:49.437119" elapsed="4.938868"/>
</kw>
<test id="s1-t1" name="Professor Can Create A Matiere" line="84">
<kw name="Go To Home Page" type="SETUP">
<kw name="Go To" owner="SeleniumLibrary">
<msg time="2026-04-28T12:38:54.380980" level="INFO">Opening url 'http://localhost:3000'</msg>
<arg>${URL}</arg>
<doc>Navigates the current browser window to the provided ``url``.</doc>
<status status="PASS" start="2026-04-28T12:38:54.380631" elapsed="0.803053"/>
</kw>
<kw name="Wait Until Page Contains Element" owner="SeleniumLibrary">
<arg>css:header</arg>
<arg>timeout=30s</arg>
<doc>Waits until the element ``locator`` appears on the current page.</doc>
<status status="PASS" start="2026-04-28T12:38:55.184330" elapsed="0.340846"/>
</kw>
<status status="PASS" start="2026-04-28T12:38:54.379582" elapsed="1.146047"/>
</kw>
<kw name="Login As Professor">
<kw name="Go To" owner="SeleniumLibrary">
<msg time="2026-04-28T12:38:55.527584" level="INFO">Opening url 'http://localhost:3000/schoolchat/login'</msg>
<arg>${LOGIN_URL}</arg>
<doc>Navigates the current browser window to the provided ``url``.</doc>
<status status="PASS" start="2026-04-28T12:38:55.527219" elapsed="0.817680"/>
</kw>
<kw name="Wait Until Page Contains Element" owner="SeleniumLibrary">
<arg>id:email</arg>
<arg>timeout=30s</arg>
<doc>Waits until the element ``locator`` appears on the current page.</doc>
<status status="PASS" start="2026-04-28T12:38:56.346379" elapsed="0.326289"/>
</kw>
<kw name="Sleep" owner="BuiltIn">
<msg time="2026-04-28T12:38:57.674044" level="INFO">Slept 1 second.</msg>
<arg>1s</arg>
<doc>Pauses the test executed for the given time.</doc>
<status status="PASS" start="2026-04-28T12:38:56.673228" elapsed="1.001107"/>
</kw>
<kw name="Input Text" owner="SeleniumLibrary">
<msg time="2026-04-28T12:38:57.675526" level="INFO">Typing text 'kpgpa237@gmail.com' into text field 'id:email'.</msg>
<arg>id:email</arg>
<arg>${PROF_EMAIL}</arg>
<doc>Types the given ``text`` into the text field identified by ``locator``.</doc>
<status status="PASS" start="2026-04-28T12:38:57.674859" elapsed="1.090866"/>
</kw>
<kw name="Input Text" owner="SeleniumLibrary">
<msg time="2026-04-28T12:38:58.767017" level="INFO">Typing text 'password123' into text field 'id:password'.</msg>
<arg>id:password</arg>
<arg>${PROF_PASSWORD}</arg>
<doc>Types the given ``text`` into the text field identified by ``locator``.</doc>
<status status="PASS" start="2026-04-28T12:38:58.766297" elapsed="1.059505"/>
</kw>
<kw name="Click Button" owner="SeleniumLibrary">
<msg time="2026-04-28T12:38:59.827008" level="INFO">Clicking button 'xpath://button[@type='submit']'.</msg>
<arg>xpath://button[@type='submit']</arg>
<doc>Clicks the button identified by ``locator``.</doc>
<status status="PASS" start="2026-04-28T12:38:59.826428" elapsed="1.663466"/>
</kw>
<kw name="Wait Until Location Contains" owner="SeleniumLibrary">
<arg>/schoolchat/Principal</arg>
<arg>timeout=30s</arg>
<doc>Waits until the current URL contains ``expected``.</doc>
<status status="PASS" start="2026-04-28T12:39:01.490120" elapsed="0.306786"/>
</kw>
<kw name="Wait Until Page Contains Element" owner="SeleniumLibrary">
<arg>css:.principal-container</arg>
<arg>timeout=20s</arg>
<doc>Waits until the element ``locator`` appears on the current page.</doc>
<status status="PASS" start="2026-04-28T12:39:01.797105" elapsed="0.350812"/>
</kw>
<status status="PASS" start="2026-04-28T12:38:55.526376" elapsed="6.621698"/>
</kw>
<kw name="Navigate To Matieres Section">
<kw name="Click Element" owner="SeleniumLibrary">
<msg time="2026-04-28T12:39:02.149253" level="INFO">Clicking element 'xpath://span[@class='menu-text' and (contains(text(),'Matières') or contains(text(),'Subjects'))]/ancestor::li'.</msg>
<arg>xpath://span[@class='menu-text' and (contains(text(),'Matières') or contains(text(),'Subjects'))]/ancestor::li</arg>
<doc>Click the element identified by ``locator``.</doc>
<status status="PASS" start="2026-04-28T12:39:02.149025" elapsed="0.742263"/>
</kw>
<kw name="Wait Until Page Contains Element" owner="SeleniumLibrary">
<arg>xpath://h1[contains(text(),'Matières') or contains(text(),'Subjects')]</arg>
<arg>timeout=10s</arg>
<doc>Waits until the element ``locator`` appears on the current page.</doc>
<status status="PASS" start="2026-04-28T12:39:02.891493" elapsed="0.315626"/>
</kw>
<status status="PASS" start="2026-04-28T12:39:02.148596" elapsed="1.058763"/>
</kw>
<kw name="Wait Until Page Contains Element" owner="SeleniumLibrary">
<arg>xpath://button[contains(.,'Nouvelle Matière') or contains(.,'New Subject')]</arg>
<arg>timeout=10s</arg>
<doc>Waits until the element ``locator`` appears on the current page.</doc>
<status status="PASS" start="2026-04-28T12:39:03.207734" elapsed="0.321368"/>
</kw>
<kw name="Click Element" owner="SeleniumLibrary">
<msg time="2026-04-28T12:39:03.530051" level="INFO">Clicking element 'xpath://button[contains(.,'Nouvelle Matière') or contains(.,'New Subject')]'.</msg>
<arg>xpath://button[contains(.,'Nouvelle Matière') or contains(.,'New Subject')]</arg>
<doc>Click the element identified by ``locator``.</doc>
<status status="PASS" start="2026-04-28T12:39:03.529672" elapsed="0.759023"/>
</kw>
<kw name="Wait Until Page Contains Element" owner="SeleniumLibrary">
<arg>xpath://div[contains(@class,'fixed') and contains(@class,'inset-0')]//input[@placeholder]</arg>
<arg>timeout=5s</arg>
<doc>Waits until the element ``locator`` appears on the current page.</doc>
<status status="PASS" start="2026-04-28T12:39:04.289084" elapsed="0.325274"/>
</kw>
<kw name="Input Text" owner="SeleniumLibrary">
<msg time="2026-04-28T12:39:04.615703" level="INFO">Typing text 'Matière Robot Test' into text field 'xpath://div[contains(@class,'fixed') and contains(@class,'inset-0')]//input[@placeholder]'.</msg>
<arg>xpath://div[contains(@class,'fixed') and contains(@class,'inset-0')]//input[@placeholder]</arg>
<arg>${MATIERE_NAME}</arg>
<doc>Types the given ``text`` into the text field identified by ``locator``.</doc>
<status status="PASS" start="2026-04-28T12:39:04.615050" elapsed="1.045649"/>
</kw>
<kw name="Input Text" owner="SeleniumLibrary">
<msg time="2026-04-28T12:39:05.662228" level="INFO">Typing text 'Matière créée par test automatisé Robot Framework' into text field 'xpath://div[contains(@class,'fixed') and contains(@class,'inset-0')]//textarea'.</msg>
<arg>xpath://div[contains(@class,'fixed') and contains(@class,'inset-0')]//textarea</arg>
<arg>${MATIERE_DESC}</arg>
<doc>Types the given ``text`` into the text field identified by ``locator``.</doc>
<status status="PASS" start="2026-04-28T12:39:05.661503" elapsed="1.177318"/>
</kw>
<kw name="Click Element" owner="SeleniumLibrary">
<msg time="2026-04-28T12:39:06.840088" level="INFO">Clicking element 'xpath://div[contains(@class,'fixed') and contains(@class,'inset-0')]//button[contains(.,'Créer')]'.</msg>
<arg>xpath://div[contains(@class,'fixed') and contains(@class,'inset-0')]//button[contains(.,'Créer')]</arg>
<doc>Click the element identified by ``locator``.</doc>
<status status="PASS" start="2026-04-28T12:39:06.839585" elapsed="0.672282"/>
</kw>
<kw name="Wait Until Page Does Not Contain Element" owner="SeleniumLibrary">
<arg>xpath://div[contains(@class,'fixed') and contains(@class,'inset-0')]</arg>
<arg>timeout=10s</arg>
<doc>Waits until the element ``locator`` disappears from the current page.</doc>
<status status="PASS" start="2026-04-28T12:39:07.512280" elapsed="0.316343"/>
</kw>
<kw name="Wait Until Page Contains" owner="SeleniumLibrary">
<arg>${MATIERE_NAME}</arg>
<arg>timeout=10s</arg>
<doc>Waits until ``text`` appears on the current page.</doc>
<status status="PASS" start="2026-04-28T12:39:07.829014" elapsed="0.336189"/>
</kw>
<doc>Full end-to-end scenario: professor logs in, navigates to Matières, creates a new matière, and verifies it appears in the list</doc>
<status status="PASS" start="2026-04-28T12:38:54.377222" elapsed="13.788184"/>
</test>
<kw name="Close Browser" owner="SeleniumLibrary" type="TEARDOWN">
<doc>Closes the current browser.</doc>
<status status="PASS" start="2026-04-28T12:39:08.165814" elapsed="0.371487"/>
</kw>
<status status="PASS" start="2026-04-28T12:38:49.361305" elapsed="19.176048"/>
</suite>
<statistics>
<total>
<stat pass="1" fail="0" skip="0">All Tests</stat>
</total>
<tag>
</tag>
<suite>
<stat pass="1" fail="0" skip="0" id="s1" name="Scholchat Tests">Scholchat Tests</stat>
</suite>
</statistics>
<errors>
</errors>
</robot>
